<?xml version="1.0" encoding="UTF-8"?>
<!-- Generated by org.testng.reporters.JUnitXMLReporter -->
<testsuite ignored="0" hostname="LAPTOP-9C7LO5BA" failures="0" tests="1" name="Search Flight Test" time="0.066" errors="0" timestamp="2025-08-28T12:13:22 IST">
  <testcase classname="com.makemytrip.testcases.TestSetup" name="@BeforeSuite setUp" time="3.543">
    <failure type="java.lang.NumberFormatException" message="For input string: &amp;quot;30 &amp;quot;">
      <![CDATA[java.lang.NumberFormatException: For input string: "30 "
at java.base/java.lang.NumberFormatException.forInputString(NumberFormatException.java:67)
at java.base/java.lang.Integer.parseInt(Integer.java:668)
at java.base/java.lang.Integer.parseInt(Integer.java:784)
at com.makemytrip.base.BaseTest.driverinitilization(BaseTest.java:28)
at com.makemytrip.testcases.TestSetup.setUp(TestSetup.java:16)
... Removed 17 stack frames]]>
    </failure>
  </testcase> <!-- @BeforeSuite setUp -->
  <testcase classname="com.makemytrip.testcases.FlightPageTest" name="searchFlight" time="0.0">
    <skipped/>
  </testcase> <!-- searchFlight -->
</testsuite> <!-- Search Flight Test -->
